[21:28:27.815] Global cache location '/home/orphen/.cache/typescript/4.2', safe file path '/usr/local/lib/node_modules/typescript/lib/typingSafeList.json', types map path /usr/local/lib/node_modules/typescript/lib/typesMap.json
[21:28:27.816] Processing cache location '/home/orphen/.cache/typescript/4.2'
[21:28:27.816] Trying to find '/home/orphen/.cache/typescript/4.2/package.json'...
[21:28:27.822] Loaded content of '/home/orphen/.cache/typescript/4.2/package.json': {"private":true,"dependencies":{"types-registry":"^0.1.532"}}
[21:28:27.822] Loaded content of '/home/orphen/.cache/typescript/4.2/package-lock.json'
[21:28:27.822] Finished processing cache location '/home/orphen/.cache/typescript/4.2'
[21:28:27.822] Process id: 6235
[21:28:27.822] NPM location: /usr/local/bin/npm (explicit '--npmLocation' not  provided)
[21:28:27.822] validateDefaultNpmLocation: false
[21:28:27.822] Npm config file: /home/orphen/.cache/typescript/4.2/package.json
[21:28:27.823] Updating types-registry npm package...
[21:28:27.823] Exec: /usr/local/bin/npm install --ignore-scripts types-registry@latest
[21:28:29.233]     Succeeded. stdout:
    + types-registry@0.1.533
    updated 1 package and audited 1 package in 0.733s
found 0 vulnerabilities


[21:28:29.233] Updated types-registry npm package
[22:02:15.210] Got install request {"projectName":"/dev/null/inferredProject1*","fileNames":[],"compilerOptions":{"module":1,"target":3,"jsx":1,"allowJs":true,"allowSyntheticDefaultImports":true,"allowNonTsExtensions":true,"noEmitForJsFiles":true},"typeAcquisition":{"enable":true,"include":[],"exclude":[]},"unresolvedImports":[],"projectRootPath":"/home/orphen/Desarrollo/JavaScript/calendar/src/app","kind":"discover"}
[22:02:15.267] Loaded safelist from types map file '/usr/local/lib/node_modules/typescript/lib/typesMap.json'
[22:02:15.268] Explicitly included types: []
[22:02:15.268] Inferred typings from unresolved imports: []
[22:02:15.268] Result: {"cachedTypingPaths":[],"newTypingNames":[],"filesToWatch":["/home/orphen/Desarrollo/JavaScript/calendar/src/app/bower_components","/home/orphen/Desarrollo/JavaScript/calendar/src/app/node_modules"]}
[22:02:15.268] Finished typings discovery: {"cachedTypingPaths":[],"newTypingNames":[],"filesToWatch":["/home/orphen/Desarrollo/JavaScript/calendar/src/app/bower_components","/home/orphen/Desarrollo/JavaScript/calendar/src/app/node_modules"]}
[22:02:15.269] DirectoryWatcher:: Added:: WatchInfo: /home/orphen/Desarrollo/JavaScript/calendar/src/app/bower_components
[22:02:15.270] DirectoryWatcher:: Added:: WatchInfo: /home/orphen/Desarrollo/JavaScript/calendar/src/app/bower_components 1 undefined Project: /dev/null/inferredProject1* watcher already invoked: false
[22:02:15.272] Elapsed:: 1.5758859999477863ms DirectoryWatcher:: Added:: WatchInfo: /home/orphen/Desarrollo/JavaScript/calendar/src/app/bower_components 1 undefined Project: /dev/null/inferredProject1* watcher already invoked: false
[22:02:15.272] DirectoryWatcher:: Added:: WatchInfo: /home/orphen/Desarrollo/JavaScript/calendar/src/app/node_modules
[22:02:15.272] DirectoryWatcher:: Added:: WatchInfo: /home/orphen/Desarrollo/JavaScript/calendar/src/app/node_modules 1 undefined Project: /dev/null/inferredProject1* watcher already invoked: false
[22:02:15.272] Elapsed:: 0.17609099950641394ms DirectoryWatcher:: Added:: WatchInfo: /home/orphen/Desarrollo/JavaScript/calendar/src/app/node_modules 1 undefined Project: /dev/null/inferredProject1* watcher already invoked: false
[22:02:15.272] Sending response:
    {"projectName":"/dev/null/inferredProject1*","typeAcquisition":{"enable":true,"include":[],"exclude":[]},"compilerOptions":{"module":1,"target":3,"jsx":1,"allowJs":true,"allowSyntheticDefaultImports":true,"allowNonTsExtensions":true,"noEmitForJsFiles":true},"typings":[],"unresolvedImports":[],"kind":"action::set"}
[22:02:15.273] Response has been sent.
[22:02:15.273] No new typings were requested as a result of typings discovery
[22:05:43.575] Got install request {"projectName":"/dev/null/inferredProject3*","fileNames":[],"compilerOptions":{"module":1,"target":3,"jsx":1,"allowJs":true,"allowSyntheticDefaultImports":true,"allowNonTsExtensions":true,"noEmitForJsFiles":true},"typeAcquisition":{"enable":true,"include":[],"exclude":[]},"unresolvedImports":[],"projectRootPath":"/home/orphen/Desarrollo/JavaScript/calendar/src/app/models","kind":"discover"}
[22:05:43.575] Explicitly included types: []
[22:05:43.576] Inferred typings from unresolved imports: []
[22:05:43.576] Result: {"cachedTypingPaths":[],"newTypingNames":[],"filesToWatch":["/home/orphen/Desarrollo/JavaScript/calendar/src/app/models/bower_components","/home/orphen/Desarrollo/JavaScript/calendar/src/app/models/node_modules"]}
[22:05:43.576] Finished typings discovery: {"cachedTypingPaths":[],"newTypingNames":[],"filesToWatch":["/home/orphen/Desarrollo/JavaScript/calendar/src/app/models/bower_components","/home/orphen/Desarrollo/JavaScript/calendar/src/app/models/node_modules"]}
[22:05:43.576] DirectoryWatcher:: Added:: WatchInfo: /home/orphen/Desarrollo/JavaScript/calendar/src/app/models/bower_components
[22:05:43.576] DirectoryWatcher:: Added:: WatchInfo: /home/orphen/Desarrollo/JavaScript/calendar/src/app/models/bower_components 1 undefined Project: /dev/null/inferredProject3* watcher already invoked: false
[22:05:43.577] Elapsed:: 0.29188300017267466ms DirectoryWatcher:: Added:: WatchInfo: /home/orphen/Desarrollo/JavaScript/calendar/src/app/models/bower_components 1 undefined Project: /dev/null/inferredProject3* watcher already invoked: false
[22:05:43.577] DirectoryWatcher:: Added:: WatchInfo: /home/orphen/Desarrollo/JavaScript/calendar/src/app/models/node_modules
[22:05:43.577] DirectoryWatcher:: Added:: WatchInfo: /home/orphen/Desarrollo/JavaScript/calendar/src/app/models/node_modules 1 undefined Project: /dev/null/inferredProject3* watcher already invoked: false
[22:05:43.577] Elapsed:: 0.14892600011080503ms DirectoryWatcher:: Added:: WatchInfo: /home/orphen/Desarrollo/JavaScript/calendar/src/app/models/node_modules 1 undefined Project: /dev/null/inferredProject3* watcher already invoked: false
[22:05:43.577] Sending response:
    {"projectName":"/dev/null/inferredProject3*","typeAcquisition":{"enable":true,"include":[],"exclude":[]},"compilerOptions":{"module":1,"target":3,"jsx":1,"allowJs":true,"allowSyntheticDefaultImports":true,"allowNonTsExtensions":true,"noEmitForJsFiles":true},"typings":[],"unresolvedImports":[],"kind":"action::set"}
[22:05:43.577] Response has been sent.
[22:05:43.577] No new typings were requested as a result of typings discovery
[22:06:25.809] Got install request {"projectName":"/dev/null/inferredProject3*","fileNames":[],"compilerOptions":{"module":1,"target":3,"jsx":1,"allowJs":true,"allowSyntheticDefaultImports":true,"allowNonTsExtensions":true,"noEmitForJsFiles":true},"typeAcquisition":{"enable":true,"include":[],"exclude":[]},"unresolvedImports":[],"projectRootPath":"/home/orphen/Desarrollo/JavaScript/calendar/src/app/models","kind":"discover"}
[22:06:25.810] Explicitly included types: []
[22:06:25.810] Inferred typings from unresolved imports: []
[22:06:25.810] Result: {"cachedTypingPaths":[],"newTypingNames":[],"filesToWatch":["/home/orphen/Desarrollo/JavaScript/calendar/src/app/models/bower_components","/home/orphen/Desarrollo/JavaScript/calendar/src/app/models/node_modules"]}
[22:06:25.811] Finished typings discovery: {"cachedTypingPaths":[],"newTypingNames":[],"filesToWatch":["/home/orphen/Desarrollo/JavaScript/calendar/src/app/models/bower_components","/home/orphen/Desarrollo/JavaScript/calendar/src/app/models/node_modules"]}
[22:06:25.811] Sending response:
    {"projectName":"/dev/null/inferredProject3*","typeAcquisition":{"enable":true,"include":[],"exclude":[]},"compilerOptions":{"module":1,"target":3,"jsx":1,"allowJs":true,"allowSyntheticDefaultImports":true,"allowNonTsExtensions":true,"noEmitForJsFiles":true},"typings":[],"unresolvedImports":[],"kind":"action::set"}
[22:06:25.811] Response has been sent.
[22:06:25.811] No new typings were requested as a result of typings discovery
[22:06:58.901] Got install request {"projectName":"/dev/null/inferredProject2*","fileNames":[],"compilerOptions":{"module":1,"target":3,"jsx":1,"allowJs":true,"allowSyntheticDefaultImports":true,"allowNonTsExtensions":true,"noEmitForJsFiles":true},"typeAcquisition":{"enable":true,"include":[],"exclude":[]},"unresolvedImports":[],"projectRootPath":"/home/orphen/Desarrollo/JavaScript/calendar/src/app/month","kind":"discover"}
[22:06:58.901] Explicitly included types: []
[22:06:58.901] Inferred typings from unresolved imports: []
[22:06:58.901] Result: {"cachedTypingPaths":[],"newTypingNames":[],"filesToWatch":["/home/orphen/Desarrollo/JavaScript/calendar/src/app/month/bower_components","/home/orphen/Desarrollo/JavaScript/calendar/src/app/month/node_modules"]}
[22:06:58.902] Finished typings discovery: {"cachedTypingPaths":[],"newTypingNames":[],"filesToWatch":["/home/orphen/Desarrollo/JavaScript/calendar/src/app/month/bower_components","/home/orphen/Desarrollo/JavaScript/calendar/src/app/month/node_modules"]}
[22:06:58.902] DirectoryWatcher:: Added:: WatchInfo: /home/orphen/Desarrollo/JavaScript/calendar/src/app/month/bower_components
[22:06:58.902] DirectoryWatcher:: Added:: WatchInfo: /home/orphen/Desarrollo/JavaScript/calendar/src/app/month/bower_components 1 undefined Project: /dev/null/inferredProject2* watcher already invoked: false
[22:06:58.902] Elapsed:: 0.5213630003854632ms DirectoryWatcher:: Added:: WatchInfo: /home/orphen/Desarrollo/JavaScript/calendar/src/app/month/bower_components 1 undefined Project: /dev/null/inferredProject2* watcher already invoked: false
[22:06:58.903] DirectoryWatcher:: Added:: WatchInfo: /home/orphen/Desarrollo/JavaScript/calendar/src/app/month/node_modules
[22:06:58.903] DirectoryWatcher:: Added:: WatchInfo: /home/orphen/Desarrollo/JavaScript/calendar/src/app/month/node_modules 1 undefined Project: /dev/null/inferredProject2* watcher already invoked: false
[22:06:58.903] Elapsed:: 0.3869440006092191ms DirectoryWatcher:: Added:: WatchInfo: /home/orphen/Desarrollo/JavaScript/calendar/src/app/month/node_modules 1 undefined Project: /dev/null/inferredProject2* watcher already invoked: false
[22:06:58.903] Sending response:
    {"projectName":"/dev/null/inferredProject2*","typeAcquisition":{"enable":true,"include":[],"exclude":[]},"compilerOptions":{"module":1,"target":3,"jsx":1,"allowJs":true,"allowSyntheticDefaultImports":true,"allowNonTsExtensions":true,"noEmitForJsFiles":true},"typings":[],"unresolvedImports":[],"kind":"action::set"}
[22:06:58.903] Response has been sent.
[22:06:58.904] No new typings were requested as a result of typings discovery
